<?xml version="1.0" encoding="UTF-8"?>
<coverage generated="1683381295021" clover="3.2.0">
  <project timestamp="1683381295022" name="All files">
    <metrics statements="32" coveredstatements="32" conditionals="7" coveredconditionals="7" methods="4" coveredmethods="4" elements="43" coveredelements="43" complexity="0" loc="32" ncloc="32" packages="1" files="1" classes="1"/>
    <file name="Calculadora.jsx" path="C:\Users\Nico\Desktop\CV NICO\TDD\Calculadora.jsx">
      <metrics statements="32" coveredstatements="32" conditionals="7" coveredconditionals="7" methods="4" coveredmethods="4"/>
      <line num="1" count="1" type="stmt"/>
      <line num="2" count="1" type="stmt"/>
      <line num="3" count="1" type="stmt"/>
      <line num="4" count="1" type="stmt"/>
      <line num="5" count="1" type="stmt"/>
      <line num="6" count="1" type="stmt"/>
      <line num="7" count="1" type="stmt"/>
      <line num="8" count="1" type="stmt"/>
      <line num="9" count="1" type="cond" truecount="1" falsecount="0"/>
      <line num="10" count="21" type="stmt"/>
      <line num="11" count="21" type="stmt"/>
      <line num="12" count="21" type="stmt"/>
      <line num="13" count="21" type="stmt"/>
      <line num="14" count="21" type="stmt"/>
      <line num="15" count="21" type="stmt"/>
      <line num="16" count="21" type="stmt"/>
      <line num="17" count="21" type="cond" truecount="1" falsecount="0"/>
      <line num="18" count="84" type="stmt"/>
      <line num="19" count="84" type="cond" truecount="1" falsecount="0"/>
      <line num="20" count="210" type="cond" truecount="1" falsecount="0"/>
      <line num="21" count="84" type="stmt"/>
      <line num="22" count="84" type="stmt"/>
      <line num="23" count="21" type="stmt"/>
      <line num="24" count="21" type="cond" truecount="1" falsecount="0"/>
      <line num="25" count="84" type="cond" truecount="1" falsecount="0"/>
      <line num="26" count="21" type="stmt"/>
      <line num="27" count="21" type="cond" truecount="1" falsecount="0"/>
      <line num="28" count="21" type="stmt"/>
      <line num="29" count="21" type="stmt"/>
      <line num="30" count="21" type="stmt"/>
      <line num="31" count="21" type="stmt"/>
      <line num="32" count="1" type="stmt"/>
    </file>
  </project>
</coverage>
