{"C:\\Users\\Nico\\Desktop\\CV NICO\\TDD\\Calculadora.jsx": {"path":"C:\\Users\\Nico\\Desktop\\CV NICO\\TDD\\Calculadora.jsx","all":false,"statementMap":{"0":{"start":{"line":1,"column":0},"end":{"line":1,"column":32}},"1":{"start":{"line":2,"column":0},"end":{"line":2,"column":33}},"2":{"start":{"line":3,"column":0},"end":{"line":3,"column":50}},"3":{"start":{"line":4,"column":0},"end":{"line":4,"column":0}},"4":{"start":{"line":5,"column":0},"end":{"line":5,"column":58}},"5":{"start":{"line":6,"column":0},"end":{"line":6,"column":0}},"6":{"start":{"line":7,"column":0},"end":{"line":7,"column":45}},"7":{"start":{"line":8,"column":0},"end":{"line":8,"column":0}},"8":{"start":{"line":9,"column":0},"end":{"line":9,"column":26}},"9":{"start":{"line":10,"column":0},"end":{"line":10,"column":40}},"10":{"start":{"line":11,"column":0},"end":{"line":11,"column":0}},"11":{"start":{"line":12,"column":0},"end":{"line":12,"column":10}},"12":{"start":{"line":13,"column":0},"end":{"line":13,"column":13}},"13":{"start":{"line":14,"column":0},"end":{"line":14,"column":26}},"14":{"start":{"line":15,"column":0},"end":{"line":15,"column":38}},"15":{"start":{"line":16,"column":0},"end":{"line":16,"column":23}},"16":{"start":{"line":17,"column":0},"end":{"line":17,"column":35}},"17":{"start":{"line":18,"column":0},"end":{"line":18,"column":38}},"18":{"start":{"line":19,"column":0},"end":{"line":19,"column":29}},"19":{"start":{"line":20,"column":0},"end":{"line":20,"column":90}},"20":{"start":{"line":21,"column":0},"end":{"line":21,"column":15}},"21":{"start":{"line":22,"column":0},"end":{"line":22,"column":16}},"22":{"start":{"line":23,"column":0},"end":{"line":23,"column":11}},"23":{"start":{"line":24,"column":0},"end":{"line":24,"column":32}},"24":{"start":{"line":25,"column":0},"end":{"line":25,"column":84}},"25":{"start":{"line":26,"column":0},"end":{"line":26,"column":11}},"26":{"start":{"line":27,"column":0},"end":{"line":27,"column":69}},"27":{"start":{"line":28,"column":0},"end":{"line":28,"column":12}},"28":{"start":{"line":29,"column":0},"end":{"line":29,"column":14}},"29":{"start":{"line":30,"column":0},"end":{"line":30,"column":3}},"30":{"start":{"line":31,"column":0},"end":{"line":31,"column":1}},"31":{"start":{"line":32,"column":0},"end":{"line":32,"column":25}}},"s":{"0":1,"1":1,"2":1,"3":1,"4":1,"5":1,"6":1,"7":1,"8":1,"9":21,"10":21,"11":21,"12":21,"13":21,"14":21,"15":21,"16":21,"17":84,"18":84,"19":210,"20":84,"21":84,"22":21,"23":21,"24":84,"25":21,"26":21,"27":21,"28":21,"29":21,"30":21,"31":1},"branchMap":{"0":{"type":"branch","line":9,"loc":{"start":{"line":9,"column":19},"end":{"line":31,"column":1}},"locations":[{"start":{"line":9,"column":19},"end":{"line":31,"column":1}}]},"1":{"type":"branch","line":17,"loc":{"start":{"line":17,"column":18},"end":{"line":22,"column":16}},"locations":[{"start":{"line":17,"column":18},"end":{"line":22,"column":16}}]},"2":{"type":"branch","line":19,"loc":{"start":{"line":19,"column":21},"end":{"line":20,"column":90}},"locations":[{"start":{"line":19,"column":21},"end":{"line":20,"column":90}}]},"3":{"type":"branch","line":20,"loc":{"start":{"line":20,"column":31},"end":{"line":20,"column":71}},"locations":[{"start":{"line":20,"column":31},"end":{"line":20,"column":71}}]},"4":{"type":"branch","line":24,"loc":{"start":{"line":24,"column":23},"end":{"line":25,"column":84}},"locations":[{"start":{"line":24,"column":23},"end":{"line":25,"column":84}}]},"5":{"type":"branch","line":25,"loc":{"start":{"line":25,"column":27},"end":{"line":25,"column":66}},"locations":[{"start":{"line":25,"column":27},"end":{"line":25,"column":66}}]},"6":{"type":"branch","line":27,"loc":{"start":{"line":27,"column":25},"end":{"line":27,"column":59}},"locations":[{"start":{"line":27,"column":25},"end":{"line":27,"column":59}}]}},"b":{"0":[21],"1":[84],"2":[210],"3":[8],"4":[84],"5":[2],"6":[1]},"fnMap":{"0":{"name":"Calculator","decl":{"start":{"line":9,"column":19},"end":{"line":31,"column":1}},"loc":{"start":{"line":9,"column":19},"end":{"line":31,"column":1}},"line":9},"1":{"name":"onClick","decl":{"start":{"line":20,"column":31},"end":{"line":20,"column":71}},"loc":{"start":{"line":20,"column":31},"end":{"line":20,"column":71}},"line":20},"2":{"name":"onClick","decl":{"start":{"line":25,"column":27},"end":{"line":25,"column":66}},"loc":{"start":{"line":25,"column":27},"end":{"line":25,"column":66}},"line":25},"3":{"name":"onClick","decl":{"start":{"line":27,"column":25},"end":{"line":27,"column":59}},"loc":{"start":{"line":27,"column":25},"end":{"line":27,"column":59}},"line":27}},"f":{"0":21,"1":8,"2":2,"3":1}}
}
